<?xml version="1.0" encoding="utf-8"?><testsuites name="pytest tests"><testsuite name="pytest" errors="0" failures="2" skipped="0" tests="8" time="1.656" timestamp="2026-07-18T07:17:30.097509+00:00" hostname="agent-env-0377593c-9723-4b9e-b09c-c7fb20f9b93d"><testcase classname="backend.tests.test_prefs_theme_iter11.TestThemeModePref" name="test_get_prefs_has_theme_mode" time="0.495" /><testcase classname="backend.tests.test_prefs_theme_iter11.TestThemeModePref" name="test_put_theme_light_persists" time="0.237" /><testcase classname="backend.tests.test_prefs_theme_iter11.TestThemeModePref" name="test_put_theme_auto_persists" time="0.133" /><testcase classname="backend.tests.test_prefs_theme_iter11.TestThemeModePref" name="test_put_theme_dark_restore" time="0.230" /><testcase classname="backend.tests.test_prefs_theme_iter11.TestRegressions" name="test_me" time="0.094" /><testcase classname="backend.tests.test_prefs_theme_iter11.TestRegressions" name="test_weather_dashboard" time="0.095"><failure message="AssertionError: {&quot;detail&quot;:&quot;Not Found&quot;}&#10;assert 404 == 200&#10; +  where 404 = &lt;Response [404]&gt;.status_code">backend/tests/test_prefs_theme_iter11.py:58: in test_weather_dashboard
    assert r.status_code == 200, r.text
E   AssertionError: {"detail":"Not Found"}
E   assert 404 == 200
E    +  where 404 = &lt;Response [404]&gt;.status_code</failure></testcase><testcase classname="backend.tests.test_prefs_theme_iter11.TestRegressions" name="test_airports_search" time="0.104"><failure message="AssertionError: assert False&#10; +  where False = isinstance({'results': [{'icao': 'KJFK', 'iata': 'JFK', 'name': 'John F Kennedy Intl', 'city': 'New York', ...}]}, list)">backend/tests/test_prefs_theme_iter11.py:66: in test_airports_search
    assert isinstance(data, list)
E   AssertionError: assert False
E    +  where False = isinstance({'results': [{'icao': 'KJFK', 'iata': 'JFK', 'name': 'John F Kennedy Intl', 'city': 'New York', ...}]}, list)</failure></testcase><testcase classname="backend.tests.test_prefs_theme_iter11.TestRegressions" name="test_logbook_list" time="0.142" /></testsuite></testsuites>