<?xml version="1.0" encoding="utf-8"?><testsuites name="pytest tests"><testsuite name="pytest" errors="0" failures="0" skipped="0" tests="5" time="2.037" timestamp="2026-07-17T16:40:15.992453+00:00" hostname="agent-env-0377593c-9723-4b9e-b09c-c7fb20f9b93d"><testcase classname="backend.tests.test_prefs_iter6.TestPrefsAutoDetect" name="test_get_prefs_has_field" time="0.718" /><testcase classname="backend.tests.test_prefs_iter6.TestPrefsAutoDetect" name="test_put_prefs_false" time="0.311" /><testcase classname="backend.tests.test_prefs_iter6.TestPrefsAutoDetect" name="test_put_prefs_true" time="0.309" /><testcase classname="backend.tests.test_prefs_iter6.TestPrefsAutoDetect" name="test_missing_field_defaults_true" time="0.157" /><testcase classname="backend.tests.test_prefs_iter6.TestPrefsAutoDetect" name="test_regression_login_still_works" time="0.423" /></testsuite></testsuites>