<?xml version="1.0" encoding="utf-8"?><testsuites name="pytest tests"><testsuite name="pytest" errors="0" failures="0" skipped="0" tests="9" time="29.166" timestamp="2026-07-17T17:15:11.107238+00:00" hostname="agent-env-0377593c-9723-4b9e-b09c-c7fb20f9b93d"><testcase classname="backend.tests.test_weather_cache_iter8.TestWeatherForecast" name="test_forecast_200_with_provider" time="11.260" /><testcase classname="backend.tests.test_weather_cache_iter8.TestWeatherForecast" name="test_forecast_cache_hit_on_second_call" time="0.112" /><testcase classname="backend.tests.test_weather_cache_iter8.TestWeatherForecast" name="test_forecast_different_location" time="12.792" /><testcase classname="backend.tests.test_weather_cache_iter8.TestAviationMetarTaf" name="test_metar_kjfk" time="0.196" /><testcase classname="backend.tests.test_weather_cache_iter8.TestAviationMetarTaf" name="test_metar_cache_hit" time="0.163" /><testcase classname="backend.tests.test_weather_cache_iter8.TestAviationMetarTaf" name="test_taf_kjfk" time="2.114" /><testcase classname="backend.tests.test_weather_cache_iter8.TestAviationMetarTaf" name="test_taf_cache_hit" time="0.110" /><testcase classname="backend.tests.test_weather_cache_iter8.TestRegression" name="test_auth_flow_and_prefs_and_favorites" time="1.240" /><testcase classname="backend.tests.test_weather_cache_iter8.TestRegression" name="test_flights_create_list_export" time="1.041" /></testsuite></testsuites>