<?xml version="1.0" encoding="utf-8"?><testsuites name="pytest tests"><testsuite name="pytest" errors="0" failures="0" skipped="0" tests="13" time="3.821" timestamp="2026-07-17T13:52:09.307299+00:00" hostname="agent-env-0377593c-9723-4b9e-b09c-c7fb20f9b93d"><testcase classname="backend.tests.test_logbook.TestFlightsCRUD" name="test_01_create_flight_valid" time="0.470" /><testcase classname="backend.tests.test_logbook.TestFlightsCRUD" name="test_02_create_flight_too_few_samples" time="0.107" /><testcase classname="backend.tests.test_logbook.TestFlightsCRUD" name="test_03_list_flights_no_samples" time="0.110" /><testcase classname="backend.tests.test_logbook.TestFlightsCRUD" name="test_04_get_flight_detail_has_samples" time="0.136" /><testcase classname="backend.tests.test_logbook.TestFlightsCRUD" name="test_05_export_csv" time="0.202" /><testcase classname="backend.tests.test_logbook.TestFlightsCRUD" name="test_06_export_geojson" time="0.126" /><testcase classname="backend.tests.test_logbook.TestFlightsCRUD" name="test_07_auth_required_create" time="0.109" /><testcase classname="backend.tests.test_logbook.TestFlightsCRUD" name="test_08_auth_required_list" time="0.099" /><testcase classname="backend.tests.test_logbook.TestFlightsCRUD" name="test_09_auth_required_detail" time="0.106" /><testcase classname="backend.tests.test_logbook.TestFlightsCRUD" name="test_10_auth_required_export" time="0.105" /><testcase classname="backend.tests.test_logbook.TestFlightsCRUD" name="test_11_cross_user_isolation" time="1.096" /><testcase classname="backend.tests.test_logbook.TestFlightsCRUD" name="test_12_delete_flight" time="0.355" /><testcase classname="backend.tests.test_logbook.TestFlightsCRUD" name="test_13_invalid_export_format" time="0.659" /></testsuite></testsuites>