<?xml version="1.0" encoding="utf-8"?><testsuites name="pytest tests"><testsuite name="pytest" errors="0" failures="1" skipped="0" tests="9" time="27.684" timestamp="2026-07-14T19:49:21.061954+00:00" hostname="agent-env-0377593c-9723-4b9e-b09c-c7fb20f9b93d"><testcase classname="backend.tests.test_ratelimit_and_aviation.TestRateLimits" name="test_01_register_ip_rate_limit_5_per_hour" time="6.097" /><testcase classname="backend.tests.test_ratelimit_and_aviation.TestRateLimits" name="test_02_register_counter_resets_after_restart" time="3.920" /><testcase classname="backend.tests.test_ratelimit_and_aviation.TestRateLimits" name="test_03_per_email_cooldown_register" time="3.808" /><testcase classname="backend.tests.test_ratelimit_and_aviation.TestRateLimits" name="test_04_per_email_cooldown_forgot_password" time="4.196" /><testcase classname="backend.tests.test_ratelimit_and_aviation.TestRateLimits" name="test_05_login_rate_limit_20_per_minute" time="4.356" /><testcase classname="backend.tests.test_ratelimit_and_aviation.TestAviation" name="test_metar_kjfk" time="0.345" /><testcase classname="backend.tests.test_ratelimit_and_aviation.TestAviation" name="test_taf_kjfk" time="1.059" /><testcase classname="backend.tests.test_ratelimit_and_aviation.TestAviation" name="test_metar_invalid" time="0.266"><failure message="assert 502 == 200&#10; +  where 502 = &lt;Response [502]&gt;.status_code">backend/tests/test_ratelimit_and_aviation.py:150: in test_metar_invalid
    assert r.status_code == 200
E   assert 502 == 200
E    +  where 502 = &lt;Response [502]&gt;.status_code</failure></testcase><testcase classname="backend.tests.test_ratelimit_and_aviation.TestFinalReset" name="test_reset_limiter" time="3.473" /></testsuite></testsuites>