<?xml version="1.0" encoding="utf-8"?><testsuites name="pytest tests"><testsuite name="pytest" errors="0" failures="0" skipped="0" tests="25" time="6.129" timestamp="2026-07-14T17:53:22.759782+00:00" hostname="agent-env-0377593c-9723-4b9e-b09c-c7fb20f9b93d"><testcase classname="backend.tests.test_auth_and_api.TestHealth" name="test_root" time="0.189" /><testcase classname="backend.tests.test_auth_and_api.TestAuthFlow" name="test_01_register" time="0.516" /><testcase classname="backend.tests.test_auth_and_api.TestAuthFlow" name="test_02_login_blocked_before_verify" time="0.439" /><testcase classname="backend.tests.test_auth_and_api.TestAuthFlow" name="test_03_verify_invalid_code" time="0.050" /><testcase classname="backend.tests.test_auth_and_api.TestAuthFlow" name="test_04_resend_verification" time="0.317" /><testcase classname="backend.tests.test_auth_and_api.TestAuthFlow" name="test_05_verify_email_ok" time="0.055" /><testcase classname="backend.tests.test_auth_and_api.TestAuthFlow" name="test_06_login_after_verify" time="0.275" /><testcase classname="backend.tests.test_auth_and_api.TestAuthFlow" name="test_07_me_endpoint" time="0.051" /><testcase classname="backend.tests.test_auth_and_api.TestAuthFlow" name="test_08_forgot_password_generic" time="0.267" /><testcase classname="backend.tests.test_auth_and_api.TestAuthFlow" name="test_09_reset_password" time="0.551" /><testcase classname="backend.tests.test_auth_and_api.TestAuthFlow" name="test_10_reset_invalid_code" time="0.065" /><testcase classname="backend.tests.test_auth_and_api.TestAuthFlow" name="test_11_delete_account_wrong_password" time="0.272" /><testcase classname="backend.tests.test_auth_and_api.TestAuthFlow" name="test_12_delete_account_success" time="0.280" /><testcase classname="backend.tests.test_auth_and_api.TestAuthFlow" name="test_13_login_after_delete_fails" time="0.060" /><testcase classname="backend.tests.test_auth_and_api.TestAirportsAndWeather" name="test_airport_search_jfk" time="0.069" /><testcase classname="backend.tests.test_auth_and_api.TestAirportsAndWeather" name="test_airport_get_by_icao" time="0.052" /><testcase classname="backend.tests.test_auth_and_api.TestAirportsAndWeather" name="test_airport_not_found" time="0.056" /><testcase classname="backend.tests.test_auth_and_api.TestAirportsAndWeather" name="test_geocode_paris" time="0.630" /><testcase classname="backend.tests.test_auth_and_api.TestAirportsAndWeather" name="test_weather_forecast" time="0.574" /><testcase classname="backend.tests.test_auth_and_api.TestFavoritesAndPrefs" name="test_01_signup_and_verify" time="0.505" /><testcase classname="backend.tests.test_auth_and_api.TestFavoritesAndPrefs" name="test_02_prefs_default" time="0.060" /><testcase classname="backend.tests.test_auth_and_api.TestFavoritesAndPrefs" name="test_03_prefs_update" time="0.118" /><testcase classname="backend.tests.test_auth_and_api.TestFavoritesAndPrefs" name="test_04_favorites_add_list_delete" time="0.204" /><testcase classname="backend.tests.test_auth_and_api.TestFavoritesAndPrefs" name="test_05_unauth_favorites" time="0.046" /><testcase classname="backend.tests.test_auth_and_api.TestFavoritesAndPrefs" name="test_99_cleanup" time="0.272" /></testsuite></testsuites>